<?xml version="1.0" encoding="UTF-8"?>
<!-- Generated by org.testng.reporters.JUnitReportReporter -->
<testsuite hostname="DESKTOP-LOJOMDE" failures="0" tests="2" name="aman.AllAnnotation" time="0.053" errors="0" timestamp="2025-02-03T10:16:42 IST" skipped="0">
  <testcase classname="aman.AllAnnotation" name="tm1" time="0.051"/>
  <system-out/>
  <testcase classname="aman.AllAnnotation" name="tm2" time="0.002"/>
  <system-out/>
</testsuite> <!-- aman.AllAnnotation -->
