<?xml version="1.0" encoding="UTF-8"?>
<!-- Generated by org.testng.reporters.JUnitReportReporter -->
<testsuite hostname="DESKTOP-LOJOMDE" failures="0" tests="2" name="testngPractice.C2" time="0.004" errors="0" timestamp="2024-11-28T09:02:32 IST" skipped="0">
  <testcase classname="testngPractice.C2" name="xyz" time="0.002"/>
  <system-out/>
  <testcase classname="testngPractice.C2" name="xyz" time="0.002"/>
  <system-out/>
</testsuite> <!-- testngPractice.C2 -->
