<?xml version="1.0" encoding="UTF-8"?>
<!-- Generated by org.testng.reporters.JUnitReportReporter -->
<testsuite hostname="DESKTOP-LOJOMDE" failures="0" tests="1" name="testngPractice.C3" time="0.010" errors="0" timestamp="2025-02-05T13:17:48 IST" skipped="0">
  <testcase classname="testngPractice.C3" name="pqr" time="0.010"/>
  <system-out/>
</testsuite> <!-- testngPractice.C3 -->
