<?xml version="1.0" encoding="UTF-8"?>
<!-- Generated by org.testng.reporters.JUnitReportReporter -->
<testsuite hostname="DESKTOP-LOJOMDE" failures="0" tests="2" name="aman.AnnotetionMethos2" time="0.010" errors="0" timestamp="2024-11-18T19:10:36 IST" skipped="0">
  <testcase classname="aman.AnnotetionMethos2" name="search" time="0.008"/>
  <system-out/>
  <testcase classname="aman.AnnotetionMethos2" name="advanceSearch" time="0.002"/>
  <system-out/>
</testsuite> <!-- aman.AnnotetionMethos2 -->
