<?xml version="1.0" encoding="UTF-8"?>
<!-- Generated by org.testng.reporters.JUnitReportReporter -->
<testsuite hostname="DESKTOP-LOJOMDE" failures="0" tests="2" name="testngPractice.PaymentTests" time="0.018" errors="0" timestamp="2025-02-03T10:59:39 IST" skipped="0">
  <testcase classname="testngPractice.PaymentTests" name="PaymentInDollers" time="0.014"/>
  <system-out/>
  <testcase classname="testngPractice.PaymentTests" name="PaymentInRupees" time="0.004"/>
  <system-out/>
</testsuite> <!-- testngPractice.PaymentTests -->
