<?xml version="1.0" encoding="UTF-8"?>
<!-- Generated by org.testng.reporters.JUnitReportReporter -->
<testsuite hostname="DESKTOP-LOJOMDE" failures="0" tests="8" name="testngPractice.LoginTests" time="0.055" errors="0" timestamp="2025-02-12T17:18:36 IST" skipped="0">
  <testcase classname="testngPractice.LoginTests" name="LoginByEmail" time="0.016"/>
  <system-out/>
  <testcase classname="testngPractice.LoginTests" name="LoginByFacebook" time="0.007"/>
  <system-out/>
  <testcase classname="testngPractice.LoginTests" name="LoginByFacebook" time="0.010"/>
  <system-out/>
  <testcase classname="testngPractice.LoginTests" name="LoginByFacebook" time="0.002"/>
  <system-out/>
  <testcase classname="testngPractice.LoginTests" name="LoginByFacebook" time="0.006"/>
  <system-out/>
  <testcase classname="testngPractice.LoginTests" name="LoginByFacebook" time="0.004"/>
  <system-out/>
  <testcase classname="testngPractice.LoginTests" name="LoginByPhoneNumber" time="0.006"/>
  <system-out/>
  <testcase classname="testngPractice.LoginTests" name="LoginByTwiter" time="0.004"/>
  <system-out/>
</testsuite> <!-- testngPractice.LoginTests -->
