<?xml version="1.0" encoding="UTF-8"?>
<!-- Generated by org.testng.reporters.JUnitReportReporter -->
<testsuite hostname="DESKTOP-LOJOMDE" failures="0" tests="8" name="aman.AnnotetionMethos" time="0.208" errors="0" timestamp="2025-02-12T18:12:26 IST" skipped="0">
  <testcase classname="aman.AnnotetionMethos" name="search" time="0.042"/>
  <system-out/>
  <testcase classname="aman.AnnotetionMethos" name="search" time="0.057"/>
  <system-out/>
  <testcase classname="aman.AnnotetionMethos" name="search" time="0.038"/>
  <system-out/>
  <testcase classname="aman.AnnotetionMethos" name="search" time="0.028"/>
  <system-out/>
  <testcase classname="aman.AnnotetionMethos" name="advanceSearch" time="0.008"/>
  <system-out/>
  <testcase classname="aman.AnnotetionMethos" name="advanceSearch" time="0.016"/>
  <system-out/>
  <testcase classname="aman.AnnotetionMethos" name="advanceSearch" time="0.009"/>
  <system-out/>
  <testcase classname="aman.AnnotetionMethos" name="advanceSearch" time="0.010"/>
  <system-out/>
</testsuite> <!-- aman.AnnotetionMethos -->
