<?xml version="1.0" encoding="UTF-8"?>
<!-- Generated by org.testng.reporters.JUnitReportReporter -->
<testsuite hostname="DESKTOP-LOJOMDE" failures="0" tests="2" name="testngPractice.C1" time="0.012" errors="0" timestamp="2024-11-28T09:02:32 IST" skipped="0">
  <testcase classname="testngPractice.C1" name="abc" time="0.003"/>
  <system-out/>
  <testcase classname="testngPractice.C1" name="abc" time="0.009"/>
  <system-out/>
</testsuite> <!-- testngPractice.C1 -->
