<?xml version="1.0" encoding="UTF-8"?>
<!-- Generated by org.testng.reporters.JUnitReportReporter -->
<testsuite hostname="DESKTOP-LOJOMDE" failures="0" tests="4" name="testngPractice.SignUpTests" time="0.010" errors="0" timestamp="2024-11-28T09:22:59 IST" skipped="0">
  <testcase classname="testngPractice.SignUpTests" name="signUpByEmail" time="0.002"/>
  <system-out/>
  <testcase classname="testngPractice.SignUpTests" name="signUpByFacebook" time="0.004"/>
  <system-out/>
  <testcase classname="testngPractice.SignUpTests" name="signUpByNumber" time="0.003"/>
  <system-out/>
  <testcase classname="testngPractice.SignUpTests" name="signUpByTwiter" time="0.001"/>
  <system-out/>
</testsuite> <!-- testngPractice.SignUpTests -->
